<?xml version="1.0" encoding="UTF-8"?>
<robot generator="Robot 3.1.2 (Python 3.7.3 on linux)" generated="20190804 20:18:31.654" rpa="false">
<suite id="s1" name="Rest-Api" source="/home/sebas/PycharmProjects/WebService/Tests/rest-api.robot">
<test id="s1-t1" name="System must make a get request">
<kw name="Create Session" library="ExtendedRequestsLibrary">
<doc>Create and return a HTTP session object to a server.</doc>
<arguments>
<arg>localhost</arg>
<arg>http://localhost:3000</arg>
</arguments>
<msg timestamp="20190804 20:18:31.727" level="INFO">Creating Session using : alias=localhost, url=http://localhost:3000, headers={},                     cookies=None, auth=None, timeout=None, proxies=None, verify=False,                     debug=0 </msg>
<status status="PASS" starttime="20190804 20:18:31.727" endtime="20190804 20:18:31.728"></status>
</kw>
<kw name="Get Request" library="ExtendedRequestsLibrary">
<doc>Send a GET request on the session object found in the cache using the given ``label``.</doc>
<arguments>
<arg>localhost</arg>
<arg>/posts</arg>
</arguments>
<assign>
<var>${response}</var>
</assign>
<msg timestamp="20190804 20:18:31.733" level="INFO">${response} = &lt;Response [200]&gt;</msg>
<status status="PASS" starttime="20190804 20:18:31.728" endtime="20190804 20:18:31.733"></status>
</kw>
<kw name="Should Be Equal As Strings" library="BuiltIn">
<doc>Fails if objects are unequal after converting them to strings.</doc>
<arguments>
<arg>${response.status_code}</arg>
<arg>200</arg>
</arguments>
<msg timestamp="20190804 20:18:31.733" level="INFO">Argument types are:
&lt;class 'int'&gt;
&lt;type 'unicode'&gt;</msg>
<status status="PASS" starttime="20190804 20:18:31.733" endtime="20190804 20:18:31.733"></status>
</kw>
<kw name="Set Variable" library="BuiltIn">
<doc>Returns the given values which can then be assigned to a variables.</doc>
<arguments>
<arg>${response.json()}</arg>
</arguments>
<assign>
<var>${json}</var>
</assign>
<msg timestamp="20190804 20:18:31.733" level="INFO">${json} = [{'id': 1, 'title': 'json-server', 'author': 'typicode'}, {'id': '2', 'title': 'jsonserver', 'author': 'sebas'}, {'id': '3', 'title': 'jsonserver', 'author': 'sebas'}]</msg>
<status status="PASS" starttime="20190804 20:18:31.733" endtime="20190804 20:18:31.733"></status>
</kw>
<kw name="Log" library="BuiltIn">
<doc>Logs the given message with the given level.</doc>
<arguments>
<arg>${json}</arg>
</arguments>
<msg timestamp="20190804 20:18:31.734" level="INFO">[{'id': 1, 'title': 'json-server', 'author': 'typicode'}, {'id': '2', 'title': 'jsonserver', 'author': 'sebas'}, {'id': '3', 'title': 'jsonserver', 'author': 'sebas'}]</msg>
<status status="PASS" starttime="20190804 20:18:31.733" endtime="20190804 20:18:31.734"></status>
</kw>
<doc>Make a Get Request to the json-server</doc>
<tags>
<tag>Webservices</tag>
</tags>
<status status="PASS" starttime="20190804 20:18:31.727" endtime="20190804 20:18:31.734" critical="yes"></status>
</test>
<test id="s1-t2" name="System must make a post request">
<kw name="Create Session" library="ExtendedRequestsLibrary">
<doc>Create and return a HTTP session object to a server.</doc>
<arguments>
<arg>localhost</arg>
<arg>http://localhost:3000</arg>
</arguments>
<msg timestamp="20190804 20:18:31.734" level="INFO">Creating Session using : alias=localhost, url=http://localhost:3000, headers={},                     cookies=None, auth=None, timeout=None, proxies=None, verify=False,                     debug=0 </msg>
<status status="PASS" starttime="20190804 20:18:31.734" endtime="20190804 20:18:31.734"></status>
</kw>
<kw name="Create Dictionary" library="BuiltIn">
<doc>Creates and returns a dictionary based on the given ``items``.</doc>
<arguments>
<arg>id=${idnumber}</arg>
<arg>title=jsonserver</arg>
<arg>author=sebas</arg>
</arguments>
<assign>
<var>&amp;{data}</var>
</assign>
<msg timestamp="20190804 20:18:31.735" level="INFO">&amp;{data} = { id=4 | title=jsonserver | author=sebas }</msg>
<status status="PASS" starttime="20190804 20:18:31.734" endtime="20190804 20:18:31.735"></status>
</kw>
<kw name="Create Dictionary" library="BuiltIn">
<doc>Creates and returns a dictionary based on the given ``items``.</doc>
<arguments>
<arg>content-type=application/json</arg>
</arguments>
<assign>
<var>&amp;{header}</var>
</assign>
<msg timestamp="20190804 20:18:31.735" level="INFO">&amp;{header} = { content-type=application/json }</msg>
<status status="PASS" starttime="20190804 20:18:31.735" endtime="20190804 20:18:31.735"></status>
</kw>
<kw name="Post Request" library="ExtendedRequestsLibrary">
<doc>Send a POST request on the session object found in the cache using the given ``label``.</doc>
<arguments>
<arg>localhost</arg>
<arg>/posts</arg>
<arg>json=${data}</arg>
<arg>headers=${header}</arg>
</arguments>
<assign>
<var>${response}</var>
</assign>
<msg timestamp="20190804 20:18:31.740" level="INFO">${response} = &lt;Response [201]&gt;</msg>
<status status="PASS" starttime="20190804 20:18:31.735" endtime="20190804 20:18:31.740"></status>
</kw>
<kw name="Should Be Equal As Strings" library="BuiltIn">
<doc>Fails if objects are unequal after converting them to strings.</doc>
<arguments>
<arg>${response.status_code}</arg>
<arg>201</arg>
</arguments>
<msg timestamp="20190804 20:18:31.741" level="INFO">Argument types are:
&lt;class 'int'&gt;
&lt;type 'unicode'&gt;</msg>
<status status="PASS" starttime="20190804 20:18:31.740" endtime="20190804 20:18:31.741"></status>
</kw>
<status status="PASS" starttime="20190804 20:18:31.734" endtime="20190804 20:18:31.741" critical="yes"></status>
</test>
<doc>Testing webservices using https://github.com/typicode/json-server</doc>
<status status="PASS" starttime="20190804 20:18:31.655" endtime="20190804 20:18:31.741"></status>
</suite>
<statistics>
<total>
<stat pass="2" fail="0">Critical Tests</stat>
<stat pass="2" fail="0">All Tests</stat>
</total>
<tag>
<stat pass="1" fail="0">Webservices</stat>
</tag>
<suite>
<stat pass="2" fail="0" id="s1" name="Rest-Api">Rest-Api</stat>
</suite>
</statistics>
<errors>
</errors>
</robot>
